<?xml version="1.0" encoding="UTF-8"?>
<testsuite xmlns:xsi="http://www.w3.org/2001/XMLSchema-instance" xsi:noNamespaceSchemaLocation="https://maven.apache.org/surefire/maven-surefire-plugin/xsd/surefire-test-report.xsd" name="uy.edu.ucu.aed.TNodoTrieTest" time="0.006" tests="7" errors="0" skipped="0" failures="0">
  <properties>
[...]
</properties>
  <testcase name="testLPMwordInTrie" classname="uy.edu.ucu.aed.TNodoTrieTest" time="0.001"/>
  <testcase name="testLPMwordNotInTrie" classname="uy.edu.ucu.aed.TNodoTrieTest" time="0"/>
  <testcase name="testLPM" classname="uy.edu.ucu.aed.TNodoTrieTest" time="0"/>
  <testcase name="testPredecir" classname="uy.edu.ucu.aed.TNodoTrieTest" time="0"/>
  <testcase name="testImprimir" classname="uy.edu.ucu.aed.TNodoTrieTest" time="0"/>
  <testcase name="testBuscar" classname="uy.edu.ucu.aed.TNodoTrieTest" time="0.001"/>
  <testcase name="testInsertar" classname="uy.edu.ucu.aed.TNodoTrieTest" time="0"/>
</testsuite>